[07:17:57 PM]|(Verbose)|Finished crafting, craft count is 6
[07:17:57 PM]|(Verbose)|Time taken for the craft is 65 seconds
[07:17:58 PM]|(Verbose)|autoSynthesis()
[07:17:58 PM]|(Verbose)|searchImage() Result for filename, synthesis_button.png : 1
[07:17:59 PM]|(Verbose)|looping to send `
[07:17:59 PM]|(Verbose)|searchImage() Result for filename, synthesis_button.png : 1
[07:17:59 PM]|(Verbose)|looping to send `
[07:17:59 PM]|(Verbose)|searchImage() Result for filename, synthesis_button.png : 1
[07:17:59 PM]|(Verbose)|looping to send `
[07:18:00 PM]|(Verbose)|searchImage() Result for filename, synthesis_button.png : 1
[07:18:00 PM]|(Verbose)|looping to send `
[07:18:00 PM]|(Verbose)|searchImage() Result for filename, synthesis_button.png : 0
[07:18:00 PM]|(Verbose)|breaking while loop
[07:18:00 PM]|(Verbose)|autoSynthesisFallback()
[07:18:01 PM]|(Verbose)|searchImage() Result for filename, synthesis_button.png : 0
[07:18:02 PM]|(Verbose)|autoSynthesis()
[07:18:02 PM]|(Verbose)|searchImage() Result for filename, synthesis_button.png : 0
[07:18:02 PM]|(Verbose)|breaking while loop
[07:18:02 PM]|(Verbose)|autoSynthesisFallback()
[07:18:02 PM]|(Verbose)|searchImage() Result for filename, synthesis_button.png : 0
[07:18:03 PM]|(Verbose)|detectDurability()
[07:18:03 PM]|(Verbose)|searchImage() Result for filename, 35.png : 0
[07:18:03 PM]|(Verbose)|searchImage() Result for filename, 40.png : 0
[07:18:04 PM]|(Verbose)|searchImage() Result for filename, 70.png : 1
[07:18:04 PM]|(Verbose)|durability detected : "70"
[07:18:04 PM]|(Verbose)|searchImage() Result for filename, spritbond_full.png : 0
[07:18:04 PM]|(Verbose)|searchImage() Result for filename, durability_yellow.png : 0
[07:18:05 PM]|(Verbose)|searchImage() Result for filename, food_refresh.png : 0
[07:18:05 PM]|(Verbose)|searchImage() Result for filename, medicine_refresh.png : 0
[07:18:05 PM]|(Verbose)|preHealthCheck() buttonToPress:
[07:18:07 PM]|(Verbose)|it's still crafting
[07:19:08 PM]|(Verbose)|Finished crafting, craft count is 7
[07:19:08 PM]|(Verbose)|Time taken for the craft is 65 seconds
[07:19:09 PM]|(Verbose)|autoSynthesis()
[07:19:09 PM]|(Verbose)|searchImage() Result for filename, synthesis_button.png : 1
[07:19:09 PM]|(Verbose)|looping to send `
[07:19:10 PM]|(Verbose)|searchImage() Result for filename, synthesis_button.png : 1
[07:19:10 PM]|(Verbose)|looping to send `
[07:19:10 PM]|(Verbose)|searchImage() Result for filename, synthesis_button.png : 1
[07:19:10 PM]|(Verbose)|looping to send `
[07:19:11 PM]|(Verbose)|searchImage() Result for filename, synthesis_button.png : 1
[07:19:11 PM]|(Verbose)|looping to send `
[07:19:11 PM]|(Verbose)|searchImage() Result for filename, synthesis_button.png : 0
[07:19:11 PM]|(Verbose)|breaking while loop
[07:19:11 PM]|(Verbose)|autoSynthesisFallback()
[07:19:11 PM]|(Verbose)|searchImage() Result for filename, synthesis_button.png : 0
[07:19:12 PM]|(Verbose)|autoSynthesis()
[07:19:13 PM]|(Verbose)|searchImage() Result for filename, synthesis_button.png : 0
[07:19:13 PM]|(Verbose)|breaking while loop
[07:19:13 PM]|(Verbose)|autoSynthesisFallback()
[07:19:13 PM]|(Verbose)|searchImage() Result for filename, synthesis_button.png : 0
[07:19:14 PM]|(Verbose)|detectDurability()
[07:19:14 PM]|(Verbose)|searchImage() Result for filename, 35.png : 0
[07:19:14 PM]|(Verbose)|searchImage() Result for filename, 40.png : 0
[07:19:15 PM]|(Verbose)|searchImage() Result for filename, 70.png : 1
[07:19:15 PM]|(Verbose)|durability detected : "70"
[07:19:15 PM]|(Verbose)|searchImage() Result for filename, spritbond_full.png : 0
[07:19:15 PM]|(Verbose)|searchImage() Result for filename, durability_yellow.png : 0
[07:19:16 PM]|(Verbose)|searchImage() Result for filename, food_refresh.png : 0
[07:19:16 PM]|(Verbose)|searchImage() Result for filename, medicine_refresh.png : 0
[07:19:16 PM]|(Verbose)|preHealthCheck() buttonToPress:
[07:19:18 PM]|(Verbose)|it's still crafting
[07:20:19 PM]|(Verbose)|Finished crafting, craft count is 8
[07:20:19 PM]|(Verbose)|Time taken for the craft is 65 seconds
[07:20:20 PM]|(Verbose)|autoSynthesis()
[07:20:20 PM]|(Verbose)|searchImage() Result for filename, synthesis_button.png : 1
[07:20:20 PM]|(Verbose)|looping to send `
[07:20:21 PM]|(Verbose)|searchImage() Result for filename, synthesis_button.png : 1
[07:20:21 PM]|(Verbose)|looping to send `
[07:20:21 PM]|(Verbose)|searchImage() Result for filename, synthesis_button.png : 1
[07:20:21 PM]|(Verbose)|looping to send `
[07:20:21 PM]|(Verbose)|searchImage() Result for filename, synthesis_button.png : 0
[07:20:21 PM]|(Verbose)|breaking while loop
[07:20:21 PM]|(Verbose)|autoSynthesisFallback()
[07:20:22 PM]|(Verbose)|searchImage() Result for filename, synthesis_button.png : 0
[07:20:23 PM]|(Verbose)|autoSynthesis()
[07:20:23 PM]|(Verbose)|searchImage() Result for filename, synthesis_button.png : 0
[07:20:23 PM]|(Verbose)|breaking while loop
[07:20:23 PM]|(Verbose)|autoSynthesisFallback()
[07:20:24 PM]|(Verbose)|searchImage() Result for filename, synthesis_button.png : 0
[07:20:24 PM]|(Verbose)|detectDurability()
[07:20:24 PM]|(Verbose)|searchImage() Result for filename, 35.png : 0
[07:20:25 PM]|(Verbose)|searchImage() Result for filename, 40.png : 0
[07:20:25 PM]|(Verbose)|searchImage() Result for filename, 70.png : 1
[07:20:25 PM]|(Verbose)|durability detected : "70"
[07:20:25 PM]|(Verbose)|searchImage() Result for filename, spritbond_full.png : 0
[07:20:26 PM]|(Verbose)|searchImage() Result for filename, durability_yellow.png : 0
[07:20:26 PM]|(Verbose)|searchImage() Result for filename, food_refresh.png : 0
[07:20:26 PM]|(Verbose)|searchImage() Result for filename, medicine_refresh.png : 1
[07:20:26 PM]|(Verbose)|will eat medicine next
[07:20:26 PM]|(Verbose)|preHealthCheck() buttonToPress:6
[07:20:28 PM]|(Verbose)|it's still crafting
[07:21:29 PM]|(Verbose)|Finished crafting, craft count is 9
[07:21:29 PM]|(Verbose)|Time taken for the craft is 65 seconds
[07:21:30 PM]|(Verbose)|healthCheck() buttonToPress:6
[07:21:30 PM]|(Verbose)|eatMedicine()
[07:21:40 PM]|(Verbose)|opening craft item
[07:21:45 PM]|(Verbose)|autoSynthesis()
[07:21:46 PM]|(Verbose)|searchImage() Result for filename, synthesis_button.png : 1
[07:21:46 PM]|(Verbose)|looping to send `
[07:21:46 PM]|(Verbose)|searchImage() Result for filename, synthesis_button.png : 1
[07:21:46 PM]|(Verbose)|looping to send `
[07:21:46 PM]|(Verbose)|searchImage() Result for filename, synthesis_button.png : 1
[07:21:46 PM]|(Verbose)|looping to send `
[07:21:47 PM]|(Verbose)|searchImage() Result for filename, synthesis_button.png : 1
[07:21:47 PM]|(Verbose)|looping to send `
[07:21:47 PM]|(Verbose)|searchImage() Result for filename, synthesis_button.png : 0
[07:21:47 PM]|(Verbose)|breaking while loop
[07:21:47 PM]|(Verbose)|autoSynthesisFallback()
[07:21:48 PM]|(Verbose)|searchImage() Result for filename, synthesis_button.png : 0
[07:21:49 PM]|(Verbose)|autoSynthesis()
[07:21:49 PM]|(Verbose)|searchImage() Result for filename, synthesis_button.png : 0
[07:21:49 PM]|(Verbose)|breaking while loop
[07:21:49 PM]|(Verbose)|autoSynthesisFallback()
[07:21:49 PM]|(Verbose)|searchImage() Result for filename, synthesis_button.png : 0
[07:21:50 PM]|(Verbose)|detectDurability()
[07:21:50 PM]|(Verbose)|searchImage() Result for filename, 35.png : 0
[07:21:50 PM]|(Verbose)|searchImage() Result for filename, 40.png : 0
[07:21:51 PM]|(Verbose)|searchImage() Result for filename, 70.png : 1
[07:21:51 PM]|(Verbose)|durability detected : "70"
[07:21:51 PM]|(Verbose)|searchImage() Result for filename, spritbond_full.png : 0
[07:21:51 PM]|(Verbose)|searchImage() Result for filename, durability_yellow.png : 0
[07:21:52 PM]|(Verbose)|searchImage() Result for filename, food_refresh.png : 0
[07:21:52 PM]|(Verbose)|searchImage() Result for filename, medicine_refresh.png : 0
[07:21:52 PM]|(Verbose)|preHealthCheck() buttonToPress:
[07:21:54 PM]|(Verbose)|it's still crafting
[07:22:55 PM]|(Verbose)|Finished crafting, craft count is 10
[07:22:55 PM]|(Verbose)|Time taken for the craft is 65 seconds
[07:22:56 PM]|(Verbose)|autoSynthesis()
[07:22:56 PM]|(Verbose)|searchImage() Result for filename, synthesis_button.png : 1
[07:22:56 PM]|(Verbose)|looping to send `
[07:22:57 PM]|(Verbose)|searchImage() Result for filename, synthesis_button.png : 1
[07:22:57 PM]|(Verbose)|looping to send `
[07:22:57 PM]|(Verbose)|searchImage() Result for filename, synthesis_button.png : 1
[07:22:57 PM]|(Verbose)|looping to send `
[07:22:58 PM]|(Verbose)|searchImage() Result for filename, synthesis_button.png : 1
[07:22:58 PM]|(Verbose)|looping to send `
[07:22:58 PM]|(Verbose)|searchImage() Result for filename, synthesis_button.png : 0
[07:22:58 PM]|(Verbose)|breaking while loop
[07:22:58 PM]|(Verbose)|autoSynthesisFallback()
[07:22:58 PM]|(Verbose)|searchImage() Result for filename, synthesis_button.png : 0
[07:22:59 PM]|(Verbose)|autoSynthesis()
[07:23:00 PM]|(Verbose)|searchImage() Result for filename, synthesis_button.png : 0
[07:23:00 PM]|(Verbose)|breaking while loop
[07:23:00 PM]|(Verbose)|autoSynthesisFallback()
[07:23:00 PM]|(Verbose)|searchImage() Result for filename, synthesis_button.png : 0
[07:23:01 PM]|(Verbose)|detectDurability()
[07:23:01 PM]|(Verbose)|searchImage() Result for filename, 35.png : 0
[07:23:01 PM]|(Verbose)|searchImage() Result for filename, 40.png : 0
[07:23:02 PM]|(Verbose)|searchImage() Result for filename, 70.png : 1
[07:23:02 PM]|(Verbose)|durability detected : "70"
[07:23:02 PM]|(Verbose)|searchImage() Result for filename, spritbond_full.png : 0
[07:23:02 PM]|(Verbose)|searchImage() Result for filename, durability_yellow.png : 0
[07:23:03 PM]|(Verbose)|searchImage() Result for filename, food_refresh.png : 0
[07:23:03 PM]|(Verbose)|searchImage() Result for filename, medicine_refresh.png : 0
[07:23:03 PM]|(Verbose)|preHealthCheck() buttonToPress:
[07:23:05 PM]|(Verbose)|it's still crafting
[07:24:06 PM]|(Verbose)|Finished crafting, craft count is 11
[07:24:06 PM]|(Verbose)|Time taken for the craft is 64 seconds
[07:24:07 PM]|(Verbose)|autoSynthesis()
[07:24:07 PM]|(Verbose)|searchImage() Result for filename, synthesis_button.png : 1
[07:24:07 PM]|(Verbose)|looping to send `
[07:24:08 PM]|(Verbose)|searchImage() Result for filename, synthesis_button.png : 1
[07:24:08 PM]|(Verbose)|looping to send `
[07:24:08 PM]|(Verbose)|searchImage() Result for filename, synthesis_button.png : 1
[07:24:08 PM]|(Verbose)|looping to send `
[07:24:08 PM]|(Verbose)|searchImage() Result for filename, synthesis_button.png : 0
[07:24:08 PM]|(Verbose)|breaking while loop
[07:24:08 PM]|(Verbose)|autoSynthesisFallback()
[07:24:09 PM]|(Verbose)|searchImage() Result for filename, synthesis_button.png : 0
[07:24:10 PM]|(Verbose)|autoSynthesis()
[07:24:10 PM]|(Verbose)|searchImage() Result for filename, synthesis_button.png : 0
[07:24:10 PM]|(Verbose)|breaking while loop
[07:24:10 PM]|(Verbose)|autoSynthesisFallback()
[07:24:10 PM]|(Verbose)|searchImage() Result for filename, synthesis_button.png : 0
[07:24:11 PM]|(Verbose)|detectDurability()
[07:24:11 PM]|(Verbose)|searchImage() Result for filename, 35.png : 0
[07:24:12 PM]|(Verbose)|searchImage() Result for filename, 40.png : 0
[07:24:12 PM]|(Verbose)|searchImage() Result for filename, 70.png : 1
[07:24:12 PM]|(Verbose)|durability detected : "70"
[07:24:12 PM]|(Verbose)|searchImage() Result for filename, spritbond_full.png : 0
[07:24:13 PM]|(Verbose)|searchImage() Result for filename, durability_yellow.png : 0
[07:24:13 PM]|(Verbose)|searchImage() Result for filename, food_refresh.png : 0
[07:24:13 PM]|(Verbose)|searchImage() Result for filename, medicine_refresh.png : 0
[07:24:13 PM]|(Verbose)|preHealthCheck() buttonToPress:
[07:24:15 PM]|(Verbose)|it's still crafting
[07:25:16 PM]|(Verbose)|Finished crafting, craft count is 12
[07:25:16 PM]|(Verbose)|Time taken for the craft is 65 seconds
[07:25:17 PM]|(Verbose)|autoSynthesis()
[07:25:17 PM]|(Verbose)|searchImage() Result for filename, synthesis_button.png : 1
[07:25:17 PM]|(Verbose)|looping to send `
[07:25:18 PM]|(Verbose)|searchImage() Result for filename, synthesis_button.png : 1
[07:25:18 PM]|(Verbose)|looping to send `
[07:25:18 PM]|(Verbose)|searchImage() Result for filename, synthesis_button.png : 1
[07:25:18 PM]|(Verbose)|looping to send `
[07:25:19 PM]|(Verbose)|searchImage() Result for filename, synthesis_button.png : 1
[07:25:19 PM]|(Verbose)|looping to send `
[07:25:19 PM]|(Verbose)|searchImage() Result for filename, synthesis_button.png : 0
[07:25:19 PM]|(Verbose)|breaking while loop
[07:25:19 PM]|(Verbose)|autoSynthesisFallback()
[07:25:20 PM]|(Verbose)|searchImage() Result for filename, synthesis_button.png : 0
[07:25:21 PM]|(Verbose)|autoSynthesis()
[07:25:21 PM]|(Verbose)|searchImage() Result for filename, synthesis_button.png : 0
[07:25:21 PM]|(Verbose)|breaking while loop
[07:25:21 PM]|(Verbose)|autoSynthesisFallback()
[07:25:21 PM]|(Verbose)|searchImage() Result for filename, synthesis_button.png : 0
[07:25:22 PM]|(Verbose)|detectDurability()
[07:25:22 PM]|(Verbose)|searchImage() Result for filename, 35.png : 0
[07:25:22 PM]|(Verbose)|searchImage() Result for filename, 40.png : 0
[07:25:23 PM]|(Verbose)|searchImage() Result for filename, 70.png : 1
[07:25:23 PM]|(Verbose)|durability detected : "70"
[07:25:23 PM]|(Verbose)|searchImage() Result for filename, spritbond_full.png : 0
[07:25:23 PM]|(Verbose)|searchImage() Result for filename, durability_yellow.png : 0
[07:25:24 PM]|(Verbose)|searchImage() Result for filename, food_refresh.png : 0
[07:25:24 PM]|(Verbose)|searchImage() Result for filename, medicine_refresh.png : 0
[07:25:24 PM]|(Verbose)|preHealthCheck() buttonToPress:
[07:25:26 PM]|(Verbose)|it's still crafting
[07:26:27 PM]|(Verbose)|Finished crafting, craft count is 13
[07:26:27 PM]|(Verbose)|Time taken for the craft is 65 seconds
[07:26:28 PM]|(Verbose)|autoSynthesis()
[07:26:29 PM]|(Verbose)|searchImage() Result for filename, synthesis_button.png : 1
[07:26:29 PM]|(Verbose)|looping to send `
[07:26:29 PM]|(Verbose)|searchImage() Result for filename, synthesis_button.png : 1
[07:26:29 PM]|(Verbose)|looping to send `
[07:26:29 PM]|(Verbose)|searchImage() Result for filename, synthesis_button.png : 1
[07:26:29 PM]|(Verbose)|looping to send `
[07:26:30 PM]|(Verbose)|searchImage() Result for filename, synthesis_button.png : 1
[07:26:30 PM]|(Verbose)|looping to send `
[07:26:30 PM]|(Verbose)|searchImage() Result for filename, synthesis_button.png : 0
[07:26:30 PM]|(Verbose)|breaking while loop
[07:26:30 PM]|(Verbose)|autoSynthesisFallback()
[07:26:31 PM]|(Verbose)|searchImage() Result for filename, synthesis_button.png : 0
[07:26:32 PM]|(Verbose)|autoSynthesis()
[07:26:32 PM]|(Verbose)|searchImage() Result for filename, synthesis_button.png : 0
[07:26:32 PM]|(Verbose)|breaking while loop
[07:26:32 PM]|(Verbose)|autoSynthesisFallback()
[07:26:32 PM]|(Verbose)|searchImage() Result for filename, synthesis_button.png : 0
[07:26:33 PM]|(Verbose)|detectDurability()
[07:26:33 PM]|(Verbose)|searchImage() Result for filename, 35.png : 0
[07:26:34 PM]|(Verbose)|searchImage() Result for filename, 40.png : 0
[07:26:34 PM]|(Verbose)|searchImage() Result for filename, 70.png : 1
[07:26:34 PM]|(Verbose)|durability detected : "70"
[07:26:34 PM]|(Verbose)|searchImage() Result for filename, spritbond_full.png : 0
[07:26:34 PM]|(Verbose)|searchImage() Result for filename, durability_yellow.png : 0
[07:26:35 PM]|(Verbose)|searchImage() Result for filename, food_refresh.png : 0
[07:26:35 PM]|(Verbose)|searchImage() Result for filename, medicine_refresh.png : 0
[07:26:35 PM]|(Verbose)|preHealthCheck() buttonToPress:
[07:26:37 PM]|(Verbose)|it's still crafting
[07:27:38 PM]|(Verbose)|Finished crafting, craft count is 14
[07:27:38 PM]|(Verbose)|Time taken for the craft is 65 seconds
[07:27:39 PM]|(Verbose)|autoSynthesis()
[07:27:39 PM]|(Verbose)|searchImage() Result for filename, synthesis_button.png : 1
[07:27:39 PM]|(Verbose)|looping to send `
[07:27:40 PM]|(Verbose)|searchImage() Result for filename, synthesis_button.png : 1
[07:27:40 PM]|(Verbose)|looping to send `
[07:27:40 PM]|(Verbose)|searchImage() Result for filename, synthesis_button.png : 1
[07:27:40 PM]|(Verbose)|looping to send `
[07:27:41 PM]|(Verbose)|searchImage() Result for filename, synthesis_button.png : 1
[07:27:41 PM]|(Verbose)|looping to send `
[07:27:41 PM]|(Verbose)|searchImage() Result for filename, synthesis_button.png : 0
[07:27:41 PM]|(Verbose)|breaking while loop
[07:27:41 PM]|(Verbose)|autoSynthesisFallback()
[07:27:42 PM]|(Verbose)|searchImage() Result for filename, synthesis_button.png : 0
[07:27:43 PM]|(Verbose)|autoSynthesis()
[07:27:43 PM]|(Verbose)|searchImage() Result for filename, synthesis_button.png : 0
[07:27:43 PM]|(Verbose)|breaking while loop
[07:27:43 PM]|(Verbose)|autoSynthesisFallback()
[07:27:43 PM]|(Verbose)|searchImage() Result for filename, synthesis_button.png : 0
[07:27:44 PM]|(Verbose)|detectDurability()
[07:27:44 PM]|(Verbose)|searchImage() Result for filename, 35.png : 0
[07:27:44 PM]|(Verbose)|searchImage() Result for filename, 40.png : 0
[07:27:45 PM]|(Verbose)|searchImage() Result for filename, 70.png : 1
[07:27:45 PM]|(Verbose)|durability detected : "70"
[07:27:45 PM]|(Verbose)|searchImage() Result for filename, spritbond_full.png : 0
[07:27:45 PM]|(Verbose)|searchImage() Result for filename, durability_yellow.png : 0
[07:27:46 PM]|(Verbose)|searchImage() Result for filename, food_refresh.png : 0
[07:27:46 PM]|(Verbose)|searchImage() Result for filename, medicine_refresh.png : 0
[07:27:46 PM]|(Verbose)|preHealthCheck() buttonToPress:
[07:27:48 PM]|(Verbose)|it's still crafting
